TN:
SF:lib/src/core/errors/exceptions.dart
FNF:0
FNH:0
DA:7,2
LF:1
LH:1
end_of_record
TN:
SF:lib/src/core/errors/failure.dart
FNF:0
FNH:0
DA:8,20
DA:10,1
DA:11,3
DA:15,20
DA:17,8
LF:5
LH:5
end_of_record
TN:
SF:lib/src/core/params/params.dart
FNF:0
FNH:0
DA:7,28
DA:17,3
DA:26,1
DA:39,4
LF:4
LH:4
end_of_record
TN:
SF:lib/src/core/services/injection_container.dart
FNF:0
FNH:0
DA:21,0
DA:23,0
DA:24,0
DA:26,0
DA:28,0
DA:29,0
DA:30,0
DA:31,0
DA:32,0
DA:34,0
DA:35,0
DA:36,0
DA:37,0
DA:39,0
DA:42,0
DA:43,0
DA:44,0
DA:45,0
DA:48,0
DA:49,0
DA:50,0
DA:54,0
DA:55,0
DA:57,0
DA:59,0
DA:61,0
LF:26
LH:0
end_of_record
TN:
SF:lib/src/core/use_case/use_case.dart
FNF:0
FNH:0
DA:6,6
DA:12,1
LF:2
LH:2
end_of_record
TN:
SF:lib/src/core/utils/util.dart
FNF:0
FNH:0
DA:7,32
DA:9,8
DA:10,8
DA:16,4
DA:17,4
LF:5
LH:5
end_of_record
TN:
SF:lib/src/parking_lot_operation/data/data_sources/parking_lot_local_data_sources.dart
FNF:0
FNH:0
DA:36,0
DA:38,0
DA:40,0
DA:43,0
DA:45,0
DA:48,0
DA:50,0
DA:53,0
DA:55,0
DA:58,0
DA:60,0
DA:61,0
DA:62,0
DA:71,0
DA:73,0
DA:76,0
DA:78,0
DA:81,0
DA:83,0
DA:86,0
DA:88,0
DA:91,0
DA:93,0
DA:96,0
DA:98,0
DA:101,0
DA:103,0
LF:27
LH:0
end_of_record
TN:
SF:lib/src/parking_lot_operation/data/models/parking_slot_model.dart
FNF:0
FNH:0
DA:4,3
DA:13,2
DA:14,4
DA:15,2
DA:16,2
DA:17,2
DA:18,2
DA:19,2
DA:20,2
DA:21,2
DA:23,2
LF:11
LH:11
end_of_record
TN:
SF:lib/src/parking_lot_operation/data/models/parking_vehicle_model.dart
FNF:0
FNH:0
DA:4,2
DA:14,1
DA:15,1
DA:16,1
DA:17,1
DA:18,1
DA:19,1
DA:20,1
DA:21,1
DA:22,1
LF:10
LH:10
end_of_record
TN:
SF:lib/src/parking_lot_operation/data/repositories/parking_lot_repository_impl.dart
FNF:0
FNH:0
DA:14,1
DA:16,1
DA:19,3
DA:20,1
DA:21,1
DA:22,2
DA:26,1
DA:29,2
DA:30,1
DA:31,1
DA:32,2
DA:36,1
DA:39,2
DA:40,1
DA:41,1
DA:42,2
DA:46,1
DA:49,2
DA:50,1
DA:51,1
DA:52,2
LF:21
LH:21
end_of_record
TN:
SF:lib/src/parking_lot_operation/data/repositories/parking_vehicle_repository_impl.dart
FNF:0
FNH:0
DA:14,1
DA:16,1
DA:19,3
DA:20,3
DA:24,1
DA:25,1
DA:26,2
DA:30,1
DA:33,2
DA:34,1
DA:35,1
DA:36,2
DA:40,1
DA:43,1
DA:44,2
DA:46,5
DA:47,2
DA:48,1
DA:49,2
DA:50,1
DA:51,2
DA:53,2
DA:55,1
DA:56,1
DA:57,1
DA:58,1
DA:60,1
DA:61,3
DA:62,3
DA:64,1
DA:76,1
DA:77,2
DA:81,1
DA:84,2
DA:85,1
DA:86,1
DA:87,2
DA:91,1
DA:94,2
DA:95,1
DA:96,1
DA:97,2
LF:42
LH:42
end_of_record
TN:
SF:lib/src/parking_lot_operation/domain/entities/parking_slot_entity.dart
FNF:0
FNH:0
DA:16,6
DA:25,1
DA:26,1
DA:27,1
LF:4
LH:4
end_of_record
TN:
SF:lib/src/parking_lot_operation/domain/entities/parking_vehicle_entity.dart
FNF:0
FNH:0
DA:24,15
DA:35,1
DA:36,2
LF:3
LH:3
end_of_record
TN:
SF:lib/src/parking_lot_operation/domain/use_cases/add_parking_slot_info_use_case.dart
FNF:0
FNH:0
DA:12,1
DA:14,1
DA:16,1
DA:17,1
DA:18,1
DA:19,1
DA:20,7
DA:21,1
DA:23,1
DA:28,1
DA:30,2
DA:31,1
DA:32,1
DA:33,1
DA:34,1
DA:37,3
DA:38,1
DA:39,1
DA:42,1
DA:43,1
DA:44,1
DA:45,1
DA:48,3
DA:49,1
DA:50,1
DA:53,1
DA:54,1
DA:55,1
DA:56,1
DA:59,3
DA:60,1
DA:61,1
DA:64,1
DA:65,1
DA:66,1
DA:67,1
DA:70,3
DA:71,1
DA:72,1
DA:75,1
DA:80,2
LF:41
LH:41
end_of_record
TN:
SF:lib/src/parking_lot_operation/domain/use_cases/free_parking_slot_use_case.dart
FNF:0
FNH:0
DA:9,1
DA:11,1
DA:13,3
LF:3
LH:3
end_of_record
TN:
SF:lib/src/parking_lot_operation/domain/use_cases/get_all_parked_vehicle_slots_use_case.dart
FNF:0
FNH:0
DA:14,1
DA:16,1
DA:18,2
LF:3
LH:3
end_of_record
TN:
SF:lib/src/parking_lot_operation/domain/use_cases/get_available_parking_slot_by_car_size_use_case.dart
FNF:0
FNH:0
DA:9,1
DA:11,1
DA:13,2
LF:3
LH:3
end_of_record
TN:
SF:lib/src/parking_lot_operation/domain/use_cases/get_number_of_parking_slots_by_floor_name_use_case.dart
FNF:0
FNH:0
DA:8,1
DA:10,1
DA:12,2
LF:3
LH:3
end_of_record
TN:
SF:lib/src/parking_lot_operation/domain/use_cases/get_parking_slots_by_car_size_use_case.dart
FNF:0
FNH:0
DA:9,1
DA:11,1
DA:13,2
LF:3
LH:3
end_of_record
TN:
SF:lib/src/parking_lot_operation/domain/use_cases/insert_parking_slot_use_case.dart
FNF:0
FNH:0
DA:10,1
DA:12,1
DA:14,2
LF:3
LH:3
end_of_record
TN:
SF:lib/src/parking_lot_operation/presentation/add_slots_bloc/bloc/parking_lot_bloc.dart
FNF:0
FNH:0
DA:21,1
DA:30,1
DA:33,2
DA:34,2
DA:35,2
DA:38,1
DA:39,3
DA:41,2
DA:42,2
DA:43,2
DA:44,2
DA:46,2
DA:47,2
DA:48,2
DA:49,2
DA:51,3
DA:53,2
DA:54,2
DA:55,2
DA:56,2
DA:57,2
DA:58,2
DA:59,2
DA:60,2
DA:64,1
DA:66,3
DA:68,3
DA:69,1
DA:71,3
DA:73,1
DA:74,1
DA:75,1
DA:76,1
DA:77,1
DA:80,1
DA:81,1
DA:82,3
DA:84,1
DA:87,1
DA:88,3
DA:90,1
DA:95,3
DA:97,1
DA:102,1
DA:103,4
LF:45
LH:45
end_of_record
TN:
SF:lib/src/parking_lot_operation/presentation/add_slots_bloc/bloc/parking_lot_event.dart
FNF:0
FNH:0
DA:4,1
DA:10,1
DA:14,1
DA:24,1
LF:4
LH:4
end_of_record
TN:
SF:lib/src/parking_lot_operation/presentation/add_slots_bloc/bloc/parking_lot_state.dart
FNF:0
FNH:0
DA:20,9
DA:36,1
DA:51,1
DA:52,1
DA:53,1
DA:54,1
DA:55,1
DA:56,1
DA:57,1
DA:58,1
DA:59,1
DA:60,1
DA:61,1
DA:62,1
DA:63,1
DA:64,1
DA:68,1
DA:69,1
DA:70,1
DA:71,1
DA:72,1
DA:73,1
DA:74,1
DA:75,1
DA:76,1
DA:77,1
DA:78,1
DA:79,1
DA:80,1
DA:81,1
DA:82,1
LF:31
LH:31
end_of_record
TN:
SF:lib/src/parking_lot_operation/presentation/park_car_bloc/bloc/park_vehicle_bloc.dart
FNF:0
FNH:0
DA:23,1
DA:30,1
DA:33,2
DA:34,2
DA:35,2
DA:36,2
DA:39,1
DA:40,4
DA:43,1
DA:44,1
DA:45,3
DA:46,6
DA:47,1
DA:48,2
DA:49,3
DA:51,1
DA:52,1
DA:53,2
DA:59,1
DA:60,3
DA:61,3
DA:62,1
DA:63,2
DA:64,3
DA:66,2
DA:67,2
DA:72,1
DA:73,3
DA:74,2
DA:75,1
DA:76,2
DA:77,3
DA:79,2
DA:80,4
LF:34
LH:34
end_of_record
TN:
SF:lib/src/parking_lot_operation/presentation/park_car_bloc/bloc/park_vehicle_event.dart
FNF:0
FNH:0
DA:5,2
DA:11,1
DA:17,1
DA:22,1
DA:26,1
LF:5
LH:5
end_of_record
TN:
SF:lib/src/parking_lot_operation/presentation/park_car_bloc/bloc/park_vehicle_state.dart
FNF:0
FNH:0
DA:26,9
DA:36,1
DA:37,1
DA:38,1
DA:39,1
DA:40,1
DA:41,1
DA:42,1
DA:43,1
DA:46,1
DA:55,1
DA:56,1
DA:57,1
DA:58,1
DA:59,1
DA:60,1
DA:61,1
DA:62,1
LF:18
LH:18
end_of_record
TN:
SF:lib/src/parking_lot_operation/presentation/widgets/custom_elevated_button.dart
FNF:0
FNH:0
DA:10,1
DA:19,1
DA:21,1
DA:23,1
DA:24,1
DA:25,1
DA:26,1
DA:27,1
DA:28,1
DA:32,3
LF:10
LH:10
end_of_record
TN:
SF:lib/src/parking_lot_operation/presentation/widgets/custom_text_field.dart
FNF:0
FNH:0
DA:9,2
DA:17,2
DA:19,2
DA:21,2
DA:22,2
DA:23,2
DA:24,2
DA:25,2
DA:27,2
LF:9
LH:9
end_of_record
TN:
SF:lib/src/parking_lot_operation/presentation/widgets/floor_drop_down.dart
FNF:0
FNH:0
DA:4,1
DA:8,1
DA:9,1
DA:15,1
DA:17,1
DA:18,1
DA:19,1
DA:20,2
DA:21,1
DA:22,4
DA:25,2
DA:26,3
DA:27,1
DA:29,1
LF:14
LH:14
end_of_record
TN:
SF:lib/src/parking_lot_operation/presentation/widgets/info_row.dart
FNF:0
FNH:0
DA:7,2
DA:9,2
DA:11,2
DA:12,2
DA:13,2
DA:14,2
DA:16,2
DA:17,2
DA:25,2
DA:26,4
LF:10
LH:10
end_of_record
TN:
SF:lib/src/parking_lot_operation/presentation/widgets/loading.dart
FNF:0
FNH:0
DA:4,1
DA:6,1
DA:8,1
DA:10,1
DA:11,1
LF:5
LH:5
end_of_record
TN:
SF:lib/src/parking_lot_operation/presentation/widgets/parking_slot_card.dart
FNF:0
FNH:0
DA:10,1
DA:16,1
DA:18,1
DA:21,1
DA:22,1
DA:23,1
DA:32,1
DA:34,1
DA:36,1
DA:38,1
DA:39,1
DA:40,3
DA:46,4
DA:48,4
DA:50,6
DA:52,4
DA:54,3
DA:55,1
DA:56,1
DA:57,1
DA:58,1
DA:59,1
DA:60,1
DA:61,3
LF:24
LH:24
end_of_record
TN:
SF:lib/src/parking_lot_operation/presentation/widgets/slot_info.dart
FNF:0
FNH:0
DA:9,1
DA:11,1
DA:13,1
DA:14,1
DA:15,1
DA:16,1
DA:20,1
DA:22,1
DA:23,1
DA:24,1
DA:25,4
DA:29,1
DA:30,2
DA:33,5
LF:14
LH:14
end_of_record
TN:
SF:lib/src/parking_lot_operation/presentation/widgets/slot_widget.dart
FNF:0
FNH:0
DA:10,1
DA:12,1
DA:14,1
DA:16,1
DA:17,1
DA:18,8
DA:19,1
DA:20,1
DA:21,4
DA:22,1
DA:24,1
LF:11
LH:11
end_of_record
